<?xml version="1.0" encoding="UTF-8"?>
<robot generator="Robot 4.0.3 (Python 3.9.6 on win32)" generated="20210719 17:18:47.014" rpa="false" schemaversion="2">
<suite id="s1" name="Estrutura Condicional" source="C:\Users\wpsilva\sistreinamento\treinamentoSisGit\estrutura_condicional.robot">
<test id="s1-t1" name="Validar Idade">
<kw name="Verifica Maior Idade">
<arg>19</arg>
<if>
<branch type="IF" condition="'${idade}' &gt;= &quot;18&quot;">
<kw name="Log To Console" library="BuiltIn">
<arg>...</arg>
<doc>Logs the given message to the console.</doc>
<status status="PASS" starttime="20210719 17:18:47.050" endtime="20210719 17:18:47.051"/>
</kw>
<kw name="Log To Console" library="BuiltIn">
<arg>Maior de Idade</arg>
<doc>Logs the given message to the console.</doc>
<status status="PASS" starttime="20210719 17:18:47.051" endtime="20210719 17:18:47.051"/>
</kw>
<status status="PASS" starttime="20210719 17:18:47.050" endtime="20210719 17:18:47.051"/>
</branch>
<status status="PASS" starttime="20210719 17:18:47.050" endtime="20210719 17:18:47.051"/>
</if>
<status status="PASS" starttime="20210719 17:18:47.049" endtime="20210719 17:18:47.052"/>
</kw>
<kw name="Verifica Idade">
<arg>19</arg>
<if>
<branch type="IF" condition="'${idade}' &gt;= &quot;18&quot;">
<kw name="Log To Console" library="BuiltIn">
<arg>...</arg>
<doc>Logs the given message to the console.</doc>
<status status="PASS" starttime="20210719 17:18:47.053" endtime="20210719 17:18:47.053"/>
</kw>
<kw name="Log To Console" library="BuiltIn">
<arg>Maior de Idade</arg>
<doc>Logs the given message to the console.</doc>
<status status="PASS" starttime="20210719 17:18:47.054" endtime="20210719 17:18:47.055"/>
</kw>
<status status="PASS" starttime="20210719 17:18:47.053" endtime="20210719 17:18:47.055"/>
</branch>
<branch type="ELSE">
<kw name="Log To Console" library="BuiltIn">
<arg>...</arg>
<doc>Logs the given message to the console.</doc>
<status status="NOT RUN" starttime="20210719 17:18:47.055" endtime="20210719 17:18:47.055"/>
</kw>
<kw name="Log To Console" library="BuiltIn">
<arg>Menor de Idade</arg>
<doc>Logs the given message to the console.</doc>
<status status="NOT RUN" starttime="20210719 17:18:47.055" endtime="20210719 17:18:47.055"/>
</kw>
<status status="NOT RUN" starttime="20210719 17:18:47.055" endtime="20210719 17:18:47.055"/>
</branch>
<status status="PASS" starttime="20210719 17:18:47.053" endtime="20210719 17:18:47.055"/>
</if>
<status status="PASS" starttime="20210719 17:18:47.052" endtime="20210719 17:18:47.055"/>
</kw>
<status status="PASS" starttime="20210719 17:18:47.049" endtime="20210719 17:18:47.057"/>
</test>
<test id="s1-t2" name="Validando Existencia">
<kw name="Imprimir numero">
<arg>@{Numeros}</arg>
<for flavor="IN">
<var>${num}</var>
<value>@{numeros}</value>
<iter>
<var name="${num}">10</var>
<if>
<branch type="IF" condition="'${num}' == &quot;5&quot;">
<kw name="Log To Console" library="BuiltIn">
<arg>...</arg>
<doc>Logs the given message to the console.</doc>
<status status="NOT RUN" starttime="20210719 17:18:47.060" endtime="20210719 17:18:47.060"/>
</kw>
<kw name="Log To Console" library="BuiltIn">
<arg>${num} Sucesso</arg>
<doc>Logs the given message to the console.</doc>
<status status="NOT RUN" starttime="20210719 17:18:47.060" endtime="20210719 17:18:47.060"/>
</kw>
<status status="NOT RUN" starttime="20210719 17:18:47.060" endtime="20210719 17:18:47.060"/>
</branch>
<status status="PASS" starttime="20210719 17:18:47.060" endtime="20210719 17:18:47.060"/>
</if>
<status status="PASS" starttime="20210719 17:18:47.058" endtime="20210719 17:18:47.060"/>
</iter>
<iter>
<var name="${num}">15</var>
<if>
<branch type="IF" condition="'${num}' == &quot;5&quot;">
<kw name="Log To Console" library="BuiltIn">
<arg>...</arg>
<doc>Logs the given message to the console.</doc>
<status status="NOT RUN" starttime="20210719 17:18:47.061" endtime="20210719 17:18:47.061"/>
</kw>
<kw name="Log To Console" library="BuiltIn">
<arg>${num} Sucesso</arg>
<doc>Logs the given message to the console.</doc>
<status status="NOT RUN" starttime="20210719 17:18:47.061" endtime="20210719 17:18:47.061"/>
</kw>
<status status="NOT RUN" starttime="20210719 17:18:47.061" endtime="20210719 17:18:47.061"/>
</branch>
<status status="PASS" starttime="20210719 17:18:47.061" endtime="20210719 17:18:47.061"/>
</if>
<status status="PASS" starttime="20210719 17:18:47.060" endtime="20210719 17:18:47.061"/>
</iter>
<iter>
<var name="${num}">5</var>
<if>
<branch type="IF" condition="'${num}' == &quot;5&quot;">
<kw name="Log To Console" library="BuiltIn">
<arg>...</arg>
<doc>Logs the given message to the console.</doc>
<status status="PASS" starttime="20210719 17:18:47.062" endtime="20210719 17:18:47.062"/>
</kw>
<kw name="Log To Console" library="BuiltIn">
<arg>${num} Sucesso</arg>
<doc>Logs the given message to the console.</doc>
<status status="PASS" starttime="20210719 17:18:47.063" endtime="20210719 17:18:47.063"/>
</kw>
<status status="PASS" starttime="20210719 17:18:47.062" endtime="20210719 17:18:47.063"/>
</branch>
<status status="PASS" starttime="20210719 17:18:47.062" endtime="20210719 17:18:47.063"/>
</if>
<status status="PASS" starttime="20210719 17:18:47.061" endtime="20210719 17:18:47.064"/>
</iter>
<iter>
<var name="${num}">20</var>
<if>
<branch type="IF" condition="'${num}' == &quot;5&quot;">
<kw name="Log To Console" library="BuiltIn">
<arg>...</arg>
<doc>Logs the given message to the console.</doc>
<status status="NOT RUN" starttime="20210719 17:18:47.064" endtime="20210719 17:18:47.064"/>
</kw>
<kw name="Log To Console" library="BuiltIn">
<arg>${num} Sucesso</arg>
<doc>Logs the given message to the console.</doc>
<status status="NOT RUN" starttime="20210719 17:18:47.064" endtime="20210719 17:18:47.064"/>
</kw>
<status status="NOT RUN" starttime="20210719 17:18:47.064" endtime="20210719 17:18:47.064"/>
</branch>
<status status="PASS" starttime="20210719 17:18:47.064" endtime="20210719 17:18:47.064"/>
</if>
<status status="PASS" starttime="20210719 17:18:47.064" endtime="20210719 17:18:47.064"/>
</iter>
<iter>
<var name="${num}">25</var>
<if>
<branch type="IF" condition="'${num}' == &quot;5&quot;">
<kw name="Log To Console" library="BuiltIn">
<arg>...</arg>
<doc>Logs the given message to the console.</doc>
<status status="NOT RUN" starttime="20210719 17:18:47.065" endtime="20210719 17:18:47.065"/>
</kw>
<kw name="Log To Console" library="BuiltIn">
<arg>${num} Sucesso</arg>
<doc>Logs the given message to the console.</doc>
<status status="NOT RUN" starttime="20210719 17:18:47.065" endtime="20210719 17:18:47.065"/>
</kw>
<status status="NOT RUN" starttime="20210719 17:18:47.064" endtime="20210719 17:18:47.065"/>
</branch>
<status status="PASS" starttime="20210719 17:18:47.064" endtime="20210719 17:18:47.065"/>
</if>
<status status="PASS" starttime="20210719 17:18:47.064" endtime="20210719 17:18:47.065"/>
</iter>
<iter>
<var name="${num}">30</var>
<if>
<branch type="IF" condition="'${num}' == &quot;5&quot;">
<kw name="Log To Console" library="BuiltIn">
<arg>...</arg>
<doc>Logs the given message to the console.</doc>
<status status="NOT RUN" starttime="20210719 17:18:47.065" endtime="20210719 17:18:47.065"/>
</kw>
<kw name="Log To Console" library="BuiltIn">
<arg>${num} Sucesso</arg>
<doc>Logs the given message to the console.</doc>
<status status="NOT RUN" starttime="20210719 17:18:47.065" endtime="20210719 17:18:47.065"/>
</kw>
<status status="NOT RUN" starttime="20210719 17:18:47.065" endtime="20210719 17:18:47.065"/>
</branch>
<status status="PASS" starttime="20210719 17:18:47.065" endtime="20210719 17:18:47.065"/>
</if>
<status status="PASS" starttime="20210719 17:18:47.065" endtime="20210719 17:18:47.065"/>
</iter>
<iter>
<var name="${num}">5</var>
<if>
<branch type="IF" condition="'${num}' == &quot;5&quot;">
<kw name="Log To Console" library="BuiltIn">
<arg>...</arg>
<doc>Logs the given message to the console.</doc>
<status status="PASS" starttime="20210719 17:18:47.066" endtime="20210719 17:18:47.066"/>
</kw>
<kw name="Log To Console" library="BuiltIn">
<arg>${num} Sucesso</arg>
<doc>Logs the given message to the console.</doc>
<status status="PASS" starttime="20210719 17:18:47.066" endtime="20210719 17:18:47.067"/>
</kw>
<status status="PASS" starttime="20210719 17:18:47.065" endtime="20210719 17:18:47.067"/>
</branch>
<status status="PASS" starttime="20210719 17:18:47.065" endtime="20210719 17:18:47.067"/>
</if>
<status status="PASS" starttime="20210719 17:18:47.065" endtime="20210719 17:18:47.067"/>
</iter>
<status status="PASS" starttime="20210719 17:18:47.058" endtime="20210719 17:18:47.068"/>
</for>
<status status="PASS" starttime="20210719 17:18:47.057" endtime="20210719 17:18:47.068"/>
</kw>
<kw name="Imprimir par ou impar">
<arg>@{Numeros}</arg>
<for flavor="IN">
<var>${num}</var>
<value>@{numeros}</value>
<iter>
<var name="${num}">10</var>
<kw name="Evaluate" library="BuiltIn">
<var>${Resultado}</var>
<arg>${num}%2</arg>
<doc>Evaluates the given expression in Python and returns the result.</doc>
<msg timestamp="20210719 17:18:47.069" level="INFO">${Resultado} = 0</msg>
<status status="PASS" starttime="20210719 17:18:47.069" endtime="20210719 17:18:47.069"/>
</kw>
<if>
<branch type="IF" condition="'${Resultado}' == &quot;0&quot;">
<kw name="Log To Console" library="BuiltIn">
<arg>...</arg>
<doc>Logs the given message to the console.</doc>
<status status="PASS" starttime="20210719 17:18:47.069" endtime="20210719 17:18:47.070"/>
</kw>
<kw name="Log To Console" library="BuiltIn">
<arg>${num} é Par</arg>
<doc>Logs the given message to the console.</doc>
<status status="PASS" starttime="20210719 17:18:47.070" endtime="20210719 17:18:47.072"/>
</kw>
<status status="PASS" starttime="20210719 17:18:47.069" endtime="20210719 17:18:47.072"/>
</branch>
<branch type="ELSE">
<kw name="Log To Console" library="BuiltIn">
<arg>...</arg>
<doc>Logs the given message to the console.</doc>
<status status="NOT RUN" starttime="20210719 17:18:47.072" endtime="20210719 17:18:47.072"/>
</kw>
<kw name="Log To Console" library="BuiltIn">
<arg>${num} é Impar</arg>
<doc>Logs the given message to the console.</doc>
<status status="NOT RUN" starttime="20210719 17:18:47.072" endtime="20210719 17:18:47.072"/>
</kw>
<status status="NOT RUN" starttime="20210719 17:18:47.072" endtime="20210719 17:18:47.073"/>
</branch>
<status status="PASS" starttime="20210719 17:18:47.069" endtime="20210719 17:18:47.073"/>
</if>
<status status="PASS" starttime="20210719 17:18:47.069" endtime="20210719 17:18:47.073"/>
</iter>
<iter>
<var name="${num}">15</var>
<kw name="Evaluate" library="BuiltIn">
<var>${Resultado}</var>
<arg>${num}%2</arg>
<doc>Evaluates the given expression in Python and returns the result.</doc>
<msg timestamp="20210719 17:18:47.075" level="INFO">${Resultado} = 1</msg>
<status status="PASS" starttime="20210719 17:18:47.073" endtime="20210719 17:18:47.075"/>
</kw>
<if>
<branch type="IF" condition="'${Resultado}' == &quot;0&quot;">
<kw name="Log To Console" library="BuiltIn">
<arg>...</arg>
<doc>Logs the given message to the console.</doc>
<status status="NOT RUN" starttime="20210719 17:18:47.076" endtime="20210719 17:18:47.076"/>
</kw>
<kw name="Log To Console" library="BuiltIn">
<arg>${num} é Par</arg>
<doc>Logs the given message to the console.</doc>
<status status="NOT RUN" starttime="20210719 17:18:47.076" endtime="20210719 17:18:47.076"/>
</kw>
<status status="NOT RUN" starttime="20210719 17:18:47.076" endtime="20210719 17:18:47.076"/>
</branch>
<branch type="ELSE">
<kw name="Log To Console" library="BuiltIn">
<arg>...</arg>
<doc>Logs the given message to the console.</doc>
<status status="PASS" starttime="20210719 17:18:47.077" endtime="20210719 17:18:47.077"/>
</kw>
<kw name="Log To Console" library="BuiltIn">
<arg>${num} é Impar</arg>
<doc>Logs the given message to the console.</doc>
<status status="PASS" starttime="20210719 17:18:47.078" endtime="20210719 17:18:47.079"/>
</kw>
<status status="PASS" starttime="20210719 17:18:47.076" endtime="20210719 17:18:47.079"/>
</branch>
<status status="PASS" starttime="20210719 17:18:47.075" endtime="20210719 17:18:47.079"/>
</if>
<status status="PASS" starttime="20210719 17:18:47.073" endtime="20210719 17:18:47.079"/>
</iter>
<iter>
<var name="${num}">5</var>
<kw name="Evaluate" library="BuiltIn">
<var>${Resultado}</var>
<arg>${num}%2</arg>
<doc>Evaluates the given expression in Python and returns the result.</doc>
<msg timestamp="20210719 17:18:47.080" level="INFO">${Resultado} = 1</msg>
<status status="PASS" starttime="20210719 17:18:47.079" endtime="20210719 17:18:47.080"/>
</kw>
<if>
<branch type="IF" condition="'${Resultado}' == &quot;0&quot;">
<kw name="Log To Console" library="BuiltIn">
<arg>...</arg>
<doc>Logs the given message to the console.</doc>
<status status="NOT RUN" starttime="20210719 17:18:47.080" endtime="20210719 17:18:47.080"/>
</kw>
<kw name="Log To Console" library="BuiltIn">
<arg>${num} é Par</arg>
<doc>Logs the given message to the console.</doc>
<status status="NOT RUN" starttime="20210719 17:18:47.080" endtime="20210719 17:18:47.080"/>
</kw>
<status status="NOT RUN" starttime="20210719 17:18:47.080" endtime="20210719 17:18:47.080"/>
</branch>
<branch type="ELSE">
<kw name="Log To Console" library="BuiltIn">
<arg>...</arg>
<doc>Logs the given message to the console.</doc>
<status status="PASS" starttime="20210719 17:18:47.080" endtime="20210719 17:18:47.081"/>
</kw>
<kw name="Log To Console" library="BuiltIn">
<arg>${num} é Impar</arg>
<doc>Logs the given message to the console.</doc>
<status status="PASS" starttime="20210719 17:18:47.081" endtime="20210719 17:18:47.082"/>
</kw>
<status status="PASS" starttime="20210719 17:18:47.080" endtime="20210719 17:18:47.082"/>
</branch>
<status status="PASS" starttime="20210719 17:18:47.080" endtime="20210719 17:18:47.082"/>
</if>
<status status="PASS" starttime="20210719 17:18:47.079" endtime="20210719 17:18:47.082"/>
</iter>
<iter>
<var name="${num}">20</var>
<kw name="Evaluate" library="BuiltIn">
<var>${Resultado}</var>
<arg>${num}%2</arg>
<doc>Evaluates the given expression in Python and returns the result.</doc>
<msg timestamp="20210719 17:18:47.083" level="INFO">${Resultado} = 0</msg>
<status status="PASS" starttime="20210719 17:18:47.082" endtime="20210719 17:18:47.083"/>
</kw>
<if>
<branch type="IF" condition="'${Resultado}' == &quot;0&quot;">
<kw name="Log To Console" library="BuiltIn">
<arg>...</arg>
<doc>Logs the given message to the console.</doc>
<status status="PASS" starttime="20210719 17:18:47.083" endtime="20210719 17:18:47.084"/>
</kw>
<kw name="Log To Console" library="BuiltIn">
<arg>${num} é Par</arg>
<doc>Logs the given message to the console.</doc>
<status status="PASS" starttime="20210719 17:18:47.084" endtime="20210719 17:18:47.085"/>
</kw>
<status status="PASS" starttime="20210719 17:18:47.083" endtime="20210719 17:18:47.085"/>
</branch>
<branch type="ELSE">
<kw name="Log To Console" library="BuiltIn">
<arg>...</arg>
<doc>Logs the given message to the console.</doc>
<status status="NOT RUN" starttime="20210719 17:18:47.085" endtime="20210719 17:18:47.085"/>
</kw>
<kw name="Log To Console" library="BuiltIn">
<arg>${num} é Impar</arg>
<doc>Logs the given message to the console.</doc>
<status status="NOT RUN" starttime="20210719 17:18:47.085" endtime="20210719 17:18:47.085"/>
</kw>
<status status="NOT RUN" starttime="20210719 17:18:47.085" endtime="20210719 17:18:47.085"/>
</branch>
<status status="PASS" starttime="20210719 17:18:47.083" endtime="20210719 17:18:47.086"/>
</if>
<status status="PASS" starttime="20210719 17:18:47.082" endtime="20210719 17:18:47.086"/>
</iter>
<iter>
<var name="${num}">25</var>
<kw name="Evaluate" library="BuiltIn">
<var>${Resultado}</var>
<arg>${num}%2</arg>
<doc>Evaluates the given expression in Python and returns the result.</doc>
<msg timestamp="20210719 17:18:47.086" level="INFO">${Resultado} = 1</msg>
<status status="PASS" starttime="20210719 17:18:47.086" endtime="20210719 17:18:47.086"/>
</kw>
<if>
<branch type="IF" condition="'${Resultado}' == &quot;0&quot;">
<kw name="Log To Console" library="BuiltIn">
<arg>...</arg>
<doc>Logs the given message to the console.</doc>
<status status="NOT RUN" starttime="20210719 17:18:47.087" endtime="20210719 17:18:47.087"/>
</kw>
<kw name="Log To Console" library="BuiltIn">
<arg>${num} é Par</arg>
<doc>Logs the given message to the console.</doc>
<status status="NOT RUN" starttime="20210719 17:18:47.087" endtime="20210719 17:18:47.087"/>
</kw>
<status status="NOT RUN" starttime="20210719 17:18:47.087" endtime="20210719 17:18:47.087"/>
</branch>
<branch type="ELSE">
<kw name="Log To Console" library="BuiltIn">
<arg>...</arg>
<doc>Logs the given message to the console.</doc>
<status status="PASS" starttime="20210719 17:18:47.087" endtime="20210719 17:18:47.088"/>
</kw>
<kw name="Log To Console" library="BuiltIn">
<arg>${num} é Impar</arg>
<doc>Logs the given message to the console.</doc>
<status status="PASS" starttime="20210719 17:18:47.088" endtime="20210719 17:18:47.089"/>
</kw>
<status status="PASS" starttime="20210719 17:18:47.087" endtime="20210719 17:18:47.089"/>
</branch>
<status status="PASS" starttime="20210719 17:18:47.087" endtime="20210719 17:18:47.089"/>
</if>
<status status="PASS" starttime="20210719 17:18:47.086" endtime="20210719 17:18:47.089"/>
</iter>
<iter>
<var name="${num}">30</var>
<kw name="Evaluate" library="BuiltIn">
<var>${Resultado}</var>
<arg>${num}%2</arg>
<doc>Evaluates the given expression in Python and returns the result.</doc>
<msg timestamp="20210719 17:18:47.089" level="INFO">${Resultado} = 0</msg>
<status status="PASS" starttime="20210719 17:18:47.089" endtime="20210719 17:18:47.089"/>
</kw>
<if>
<branch type="IF" condition="'${Resultado}' == &quot;0&quot;">
<kw name="Log To Console" library="BuiltIn">
<arg>...</arg>
<doc>Logs the given message to the console.</doc>
<status status="PASS" starttime="20210719 17:18:47.090" endtime="20210719 17:18:47.090"/>
</kw>
<kw name="Log To Console" library="BuiltIn">
<arg>${num} é Par</arg>
<doc>Logs the given message to the console.</doc>
<status status="PASS" starttime="20210719 17:18:47.091" endtime="20210719 17:18:47.092"/>
</kw>
<status status="PASS" starttime="20210719 17:18:47.090" endtime="20210719 17:18:47.093"/>
</branch>
<branch type="ELSE">
<kw name="Log To Console" library="BuiltIn">
<arg>...</arg>
<doc>Logs the given message to the console.</doc>
<status status="NOT RUN" starttime="20210719 17:18:47.093" endtime="20210719 17:18:47.093"/>
</kw>
<kw name="Log To Console" library="BuiltIn">
<arg>${num} é Impar</arg>
<doc>Logs the given message to the console.</doc>
<status status="NOT RUN" starttime="20210719 17:18:47.093" endtime="20210719 17:18:47.093"/>
</kw>
<status status="NOT RUN" starttime="20210719 17:18:47.093" endtime="20210719 17:18:47.093"/>
</branch>
<status status="PASS" starttime="20210719 17:18:47.089" endtime="20210719 17:18:47.093"/>
</if>
<status status="PASS" starttime="20210719 17:18:47.089" endtime="20210719 17:18:47.093"/>
</iter>
<iter>
<var name="${num}">5</var>
<kw name="Evaluate" library="BuiltIn">
<var>${Resultado}</var>
<arg>${num}%2</arg>
<doc>Evaluates the given expression in Python and returns the result.</doc>
<msg timestamp="20210719 17:18:47.095" level="INFO">${Resultado} = 1</msg>
<status status="PASS" starttime="20210719 17:18:47.094" endtime="20210719 17:18:47.095"/>
</kw>
<if>
<branch type="IF" condition="'${Resultado}' == &quot;0&quot;">
<kw name="Log To Console" library="BuiltIn">
<arg>...</arg>
<doc>Logs the given message to the console.</doc>
<status status="NOT RUN" starttime="20210719 17:18:47.096" endtime="20210719 17:18:47.096"/>
</kw>
<kw name="Log To Console" library="BuiltIn">
<arg>${num} é Par</arg>
<doc>Logs the given message to the console.</doc>
<status status="NOT RUN" starttime="20210719 17:18:47.096" endtime="20210719 17:18:47.096"/>
</kw>
<status status="NOT RUN" starttime="20210719 17:18:47.096" endtime="20210719 17:18:47.096"/>
</branch>
<branch type="ELSE">
<kw name="Log To Console" library="BuiltIn">
<arg>...</arg>
<doc>Logs the given message to the console.</doc>
<status status="PASS" starttime="20210719 17:18:47.096" endtime="20210719 17:18:47.097"/>
</kw>
<kw name="Log To Console" library="BuiltIn">
<arg>${num} é Impar</arg>
<doc>Logs the given message to the console.</doc>
<status status="PASS" starttime="20210719 17:18:47.097" endtime="20210719 17:18:47.098"/>
</kw>
<status status="PASS" starttime="20210719 17:18:47.096" endtime="20210719 17:18:47.098"/>
</branch>
<status status="PASS" starttime="20210719 17:18:47.095" endtime="20210719 17:18:47.098"/>
</if>
<status status="PASS" starttime="20210719 17:18:47.093" endtime="20210719 17:18:47.098"/>
</iter>
<status status="PASS" starttime="20210719 17:18:47.069" endtime="20210719 17:18:47.099"/>
</for>
<status status="PASS" starttime="20210719 17:18:47.068" endtime="20210719 17:18:47.099"/>
</kw>
<status status="PASS" starttime="20210719 17:18:47.057" endtime="20210719 17:18:47.099"/>
</test>
<test id="s1-t3" name="Imprimir">
<kw name="Verificar numeros">
<arg>@{Numeros}</arg>
<for flavor="IN">
<var>${Numero_Atual}</var>
<value>@{Numeros}</value>
<iter>
<var name="${Numero_Atual}">10</var>
<if>
<branch type="IF" condition="'${Numero_Atual}' == &quot;5&quot;">
<kw name="Log To Console" library="BuiltIn">
<arg>...</arg>
<doc>Logs the given message to the console.</doc>
<status status="NOT RUN" starttime="20210719 17:18:47.102" endtime="20210719 17:18:47.102"/>
</kw>
<kw name="Log To Console" library="BuiltIn">
<arg>Estou no numero ${Numero_Atual}</arg>
<doc>Logs the given message to the console.</doc>
<status status="NOT RUN" starttime="20210719 17:18:47.102" endtime="20210719 17:18:47.102"/>
</kw>
<status status="NOT RUN" starttime="20210719 17:18:47.102" endtime="20210719 17:18:47.102"/>
</branch>
<branch type="ELSE IF" condition="'${Numero_Atual}' == &quot;8&quot;">
<kw name="Log To Console" library="BuiltIn">
<arg>...</arg>
<doc>Logs the given message to the console.</doc>
<status status="NOT RUN" starttime="20210719 17:18:47.102" endtime="20210719 17:18:47.102"/>
</kw>
<kw name="Log To Console" library="BuiltIn">
<arg>Estou no numero ${Numero_Atual}</arg>
<doc>Logs the given message to the console.</doc>
<status status="NOT RUN" starttime="20210719 17:18:47.103" endtime="20210719 17:18:47.103"/>
</kw>
<status status="NOT RUN" starttime="20210719 17:18:47.102" endtime="20210719 17:18:47.103"/>
</branch>
<branch type="ELSE">
<kw name="Log To Console" library="BuiltIn">
<arg>...</arg>
<doc>Logs the given message to the console.</doc>
<status status="PASS" starttime="20210719 17:18:47.103" endtime="20210719 17:18:47.103"/>
</kw>
<kw name="Log To Console" library="BuiltIn">
<arg>Os numeros 5 e 8 nao foram encontrados</arg>
<doc>Logs the given message to the console.</doc>
<status status="PASS" starttime="20210719 17:18:47.103" endtime="20210719 17:18:47.104"/>
</kw>
<status status="PASS" starttime="20210719 17:18:47.103" endtime="20210719 17:18:47.104"/>
</branch>
<status status="PASS" starttime="20210719 17:18:47.102" endtime="20210719 17:18:47.104"/>
</if>
<status status="PASS" starttime="20210719 17:18:47.102" endtime="20210719 17:18:47.104"/>
</iter>
<iter>
<var name="${Numero_Atual}">15</var>
<if>
<branch type="IF" condition="'${Numero_Atual}' == &quot;5&quot;">
<kw name="Log To Console" library="BuiltIn">
<arg>...</arg>
<doc>Logs the given message to the console.</doc>
<status status="NOT RUN" starttime="20210719 17:18:47.104" endtime="20210719 17:18:47.104"/>
</kw>
<kw name="Log To Console" library="BuiltIn">
<arg>Estou no numero ${Numero_Atual}</arg>
<doc>Logs the given message to the console.</doc>
<status status="NOT RUN" starttime="20210719 17:18:47.105" endtime="20210719 17:18:47.105"/>
</kw>
<status status="NOT RUN" starttime="20210719 17:18:47.104" endtime="20210719 17:18:47.105"/>
</branch>
<branch type="ELSE IF" condition="'${Numero_Atual}' == &quot;8&quot;">
<kw name="Log To Console" library="BuiltIn">
<arg>...</arg>
<doc>Logs the given message to the console.</doc>
<status status="NOT RUN" starttime="20210719 17:18:47.105" endtime="20210719 17:18:47.105"/>
</kw>
<kw name="Log To Console" library="BuiltIn">
<arg>Estou no numero ${Numero_Atual}</arg>
<doc>Logs the given message to the console.</doc>
<status status="NOT RUN" starttime="20210719 17:18:47.105" endtime="20210719 17:18:47.105"/>
</kw>
<status status="NOT RUN" starttime="20210719 17:18:47.105" endtime="20210719 17:18:47.105"/>
</branch>
<branch type="ELSE">
<kw name="Log To Console" library="BuiltIn">
<arg>...</arg>
<doc>Logs the given message to the console.</doc>
<status status="PASS" starttime="20210719 17:18:47.105" endtime="20210719 17:18:47.106"/>
</kw>
<kw name="Log To Console" library="BuiltIn">
<arg>Os numeros 5 e 8 nao foram encontrados</arg>
<doc>Logs the given message to the console.</doc>
<status status="PASS" starttime="20210719 17:18:47.106" endtime="20210719 17:18:47.106"/>
</kw>
<status status="PASS" starttime="20210719 17:18:47.105" endtime="20210719 17:18:47.106"/>
</branch>
<status status="PASS" starttime="20210719 17:18:47.104" endtime="20210719 17:18:47.106"/>
</if>
<status status="PASS" starttime="20210719 17:18:47.104" endtime="20210719 17:18:47.106"/>
</iter>
<iter>
<var name="${Numero_Atual}">5</var>
<if>
<branch type="IF" condition="'${Numero_Atual}' == &quot;5&quot;">
<kw name="Log To Console" library="BuiltIn">
<arg>...</arg>
<doc>Logs the given message to the console.</doc>
<status status="PASS" starttime="20210719 17:18:47.107" endtime="20210719 17:18:47.108"/>
</kw>
<kw name="Log To Console" library="BuiltIn">
<arg>Estou no numero ${Numero_Atual}</arg>
<doc>Logs the given message to the console.</doc>
<status status="PASS" starttime="20210719 17:18:47.108" endtime="20210719 17:18:47.109"/>
</kw>
<status status="PASS" starttime="20210719 17:18:47.107" endtime="20210719 17:18:47.109"/>
</branch>
<branch type="ELSE IF" condition="'${Numero_Atual}' == &quot;8&quot;">
<kw name="Log To Console" library="BuiltIn">
<arg>...</arg>
<doc>Logs the given message to the console.</doc>
<status status="NOT RUN" starttime="20210719 17:18:47.109" endtime="20210719 17:18:47.109"/>
</kw>
<kw name="Log To Console" library="BuiltIn">
<arg>Estou no numero ${Numero_Atual}</arg>
<doc>Logs the given message to the console.</doc>
<status status="NOT RUN" starttime="20210719 17:18:47.109" endtime="20210719 17:18:47.109"/>
</kw>
<status status="NOT RUN" starttime="20210719 17:18:47.109" endtime="20210719 17:18:47.109"/>
</branch>
<branch type="ELSE">
<kw name="Log To Console" library="BuiltIn">
<arg>...</arg>
<doc>Logs the given message to the console.</doc>
<status status="NOT RUN" starttime="20210719 17:18:47.110" endtime="20210719 17:18:47.110"/>
</kw>
<kw name="Log To Console" library="BuiltIn">
<arg>Os numeros 5 e 8 nao foram encontrados</arg>
<doc>Logs the given message to the console.</doc>
<status status="NOT RUN" starttime="20210719 17:18:47.110" endtime="20210719 17:18:47.110"/>
</kw>
<status status="NOT RUN" starttime="20210719 17:18:47.109" endtime="20210719 17:18:47.110"/>
</branch>
<status status="PASS" starttime="20210719 17:18:47.107" endtime="20210719 17:18:47.110"/>
</if>
<status status="PASS" starttime="20210719 17:18:47.107" endtime="20210719 17:18:47.110"/>
</iter>
<iter>
<var name="${Numero_Atual}">20</var>
<if>
<branch type="IF" condition="'${Numero_Atual}' == &quot;5&quot;">
<kw name="Log To Console" library="BuiltIn">
<arg>...</arg>
<doc>Logs the given message to the console.</doc>
<status status="NOT RUN" starttime="20210719 17:18:47.110" endtime="20210719 17:18:47.110"/>
</kw>
<kw name="Log To Console" library="BuiltIn">
<arg>Estou no numero ${Numero_Atual}</arg>
<doc>Logs the given message to the console.</doc>
<status status="NOT RUN" starttime="20210719 17:18:47.110" endtime="20210719 17:18:47.110"/>
</kw>
<status status="NOT RUN" starttime="20210719 17:18:47.110" endtime="20210719 17:18:47.110"/>
</branch>
<branch type="ELSE IF" condition="'${Numero_Atual}' == &quot;8&quot;">
<kw name="Log To Console" library="BuiltIn">
<arg>...</arg>
<doc>Logs the given message to the console.</doc>
<status status="NOT RUN" starttime="20210719 17:18:47.110" endtime="20210719 17:18:47.110"/>
</kw>
<kw name="Log To Console" library="BuiltIn">
<arg>Estou no numero ${Numero_Atual}</arg>
<doc>Logs the given message to the console.</doc>
<status status="NOT RUN" starttime="20210719 17:18:47.111" endtime="20210719 17:18:47.111"/>
</kw>
<status status="NOT RUN" starttime="20210719 17:18:47.110" endtime="20210719 17:18:47.111"/>
</branch>
<branch type="ELSE">
<kw name="Log To Console" library="BuiltIn">
<arg>...</arg>
<doc>Logs the given message to the console.</doc>
<status status="PASS" starttime="20210719 17:18:47.111" endtime="20210719 17:18:47.111"/>
</kw>
<kw name="Log To Console" library="BuiltIn">
<arg>Os numeros 5 e 8 nao foram encontrados</arg>
<doc>Logs the given message to the console.</doc>
<status status="PASS" starttime="20210719 17:18:47.111" endtime="20210719 17:18:47.112"/>
</kw>
<status status="PASS" starttime="20210719 17:18:47.111" endtime="20210719 17:18:47.112"/>
</branch>
<status status="PASS" starttime="20210719 17:18:47.110" endtime="20210719 17:18:47.112"/>
</if>
<status status="PASS" starttime="20210719 17:18:47.110" endtime="20210719 17:18:47.112"/>
</iter>
<iter>
<var name="${Numero_Atual}">25</var>
<if>
<branch type="IF" condition="'${Numero_Atual}' == &quot;5&quot;">
<kw name="Log To Console" library="BuiltIn">
<arg>...</arg>
<doc>Logs the given message to the console.</doc>
<status status="NOT RUN" starttime="20210719 17:18:47.113" endtime="20210719 17:18:47.113"/>
</kw>
<kw name="Log To Console" library="BuiltIn">
<arg>Estou no numero ${Numero_Atual}</arg>
<doc>Logs the given message to the console.</doc>
<status status="NOT RUN" starttime="20210719 17:18:47.113" endtime="20210719 17:18:47.113"/>
</kw>
<status status="NOT RUN" starttime="20210719 17:18:47.112" endtime="20210719 17:18:47.113"/>
</branch>
<branch type="ELSE IF" condition="'${Numero_Atual}' == &quot;8&quot;">
<kw name="Log To Console" library="BuiltIn">
<arg>...</arg>
<doc>Logs the given message to the console.</doc>
<status status="NOT RUN" starttime="20210719 17:18:47.113" endtime="20210719 17:18:47.113"/>
</kw>
<kw name="Log To Console" library="BuiltIn">
<arg>Estou no numero ${Numero_Atual}</arg>
<doc>Logs the given message to the console.</doc>
<status status="NOT RUN" starttime="20210719 17:18:47.113" endtime="20210719 17:18:47.113"/>
</kw>
<status status="NOT RUN" starttime="20210719 17:18:47.113" endtime="20210719 17:18:47.113"/>
</branch>
<branch type="ELSE">
<kw name="Log To Console" library="BuiltIn">
<arg>...</arg>
<doc>Logs the given message to the console.</doc>
<status status="PASS" starttime="20210719 17:18:47.113" endtime="20210719 17:18:47.114"/>
</kw>
<kw name="Log To Console" library="BuiltIn">
<arg>Os numeros 5 e 8 nao foram encontrados</arg>
<doc>Logs the given message to the console.</doc>
<status status="PASS" starttime="20210719 17:18:47.114" endtime="20210719 17:18:47.115"/>
</kw>
<status status="PASS" starttime="20210719 17:18:47.113" endtime="20210719 17:18:47.115"/>
</branch>
<status status="PASS" starttime="20210719 17:18:47.112" endtime="20210719 17:18:47.115"/>
</if>
<status status="PASS" starttime="20210719 17:18:47.112" endtime="20210719 17:18:47.115"/>
</iter>
<iter>
<var name="${Numero_Atual}">30</var>
<if>
<branch type="IF" condition="'${Numero_Atual}' == &quot;5&quot;">
<kw name="Log To Console" library="BuiltIn">
<arg>...</arg>
<doc>Logs the given message to the console.</doc>
<status status="NOT RUN" starttime="20210719 17:18:47.116" endtime="20210719 17:18:47.116"/>
</kw>
<kw name="Log To Console" library="BuiltIn">
<arg>Estou no numero ${Numero_Atual}</arg>
<doc>Logs the given message to the console.</doc>
<status status="NOT RUN" starttime="20210719 17:18:47.116" endtime="20210719 17:18:47.116"/>
</kw>
<status status="NOT RUN" starttime="20210719 17:18:47.115" endtime="20210719 17:18:47.116"/>
</branch>
<branch type="ELSE IF" condition="'${Numero_Atual}' == &quot;8&quot;">
<kw name="Log To Console" library="BuiltIn">
<arg>...</arg>
<doc>Logs the given message to the console.</doc>
<status status="NOT RUN" starttime="20210719 17:18:47.116" endtime="20210719 17:18:47.116"/>
</kw>
<kw name="Log To Console" library="BuiltIn">
<arg>Estou no numero ${Numero_Atual}</arg>
<doc>Logs the given message to the console.</doc>
<status status="NOT RUN" starttime="20210719 17:18:47.117" endtime="20210719 17:18:47.117"/>
</kw>
<status status="NOT RUN" starttime="20210719 17:18:47.116" endtime="20210719 17:18:47.117"/>
</branch>
<branch type="ELSE">
<kw name="Log To Console" library="BuiltIn">
<arg>...</arg>
<doc>Logs the given message to the console.</doc>
<status status="PASS" starttime="20210719 17:18:47.117" endtime="20210719 17:18:47.117"/>
</kw>
<kw name="Log To Console" library="BuiltIn">
<arg>Os numeros 5 e 8 nao foram encontrados</arg>
<doc>Logs the given message to the console.</doc>
<status status="PASS" starttime="20210719 17:18:47.117" endtime="20210719 17:18:47.118"/>
</kw>
<status status="PASS" starttime="20210719 17:18:47.117" endtime="20210719 17:18:47.118"/>
</branch>
<status status="PASS" starttime="20210719 17:18:47.115" endtime="20210719 17:18:47.118"/>
</if>
<status status="PASS" starttime="20210719 17:18:47.115" endtime="20210719 17:18:47.118"/>
</iter>
<iter>
<var name="${Numero_Atual}">5</var>
<if>
<branch type="IF" condition="'${Numero_Atual}' == &quot;5&quot;">
<kw name="Log To Console" library="BuiltIn">
<arg>...</arg>
<doc>Logs the given message to the console.</doc>
<status status="PASS" starttime="20210719 17:18:47.118" endtime="20210719 17:18:47.119"/>
</kw>
<kw name="Log To Console" library="BuiltIn">
<arg>Estou no numero ${Numero_Atual}</arg>
<doc>Logs the given message to the console.</doc>
<status status="PASS" starttime="20210719 17:18:47.119" endtime="20210719 17:18:47.120"/>
</kw>
<status status="PASS" starttime="20210719 17:18:47.118" endtime="20210719 17:18:47.120"/>
</branch>
<branch type="ELSE IF" condition="'${Numero_Atual}' == &quot;8&quot;">
<kw name="Log To Console" library="BuiltIn">
<arg>...</arg>
<doc>Logs the given message to the console.</doc>
<status status="NOT RUN" starttime="20210719 17:18:47.120" endtime="20210719 17:18:47.120"/>
</kw>
<kw name="Log To Console" library="BuiltIn">
<arg>Estou no numero ${Numero_Atual}</arg>
<doc>Logs the given message to the console.</doc>
<status status="NOT RUN" starttime="20210719 17:18:47.120" endtime="20210719 17:18:47.121"/>
</kw>
<status status="NOT RUN" starttime="20210719 17:18:47.120" endtime="20210719 17:18:47.121"/>
</branch>
<branch type="ELSE">
<kw name="Log To Console" library="BuiltIn">
<arg>...</arg>
<doc>Logs the given message to the console.</doc>
<status status="NOT RUN" starttime="20210719 17:18:47.121" endtime="20210719 17:18:47.121"/>
</kw>
<kw name="Log To Console" library="BuiltIn">
<arg>Os numeros 5 e 8 nao foram encontrados</arg>
<doc>Logs the given message to the console.</doc>
<status status="NOT RUN" starttime="20210719 17:18:47.121" endtime="20210719 17:18:47.121"/>
</kw>
<status status="NOT RUN" starttime="20210719 17:18:47.121" endtime="20210719 17:18:47.121"/>
</branch>
<status status="PASS" starttime="20210719 17:18:47.118" endtime="20210719 17:18:47.121"/>
</if>
<status status="PASS" starttime="20210719 17:18:47.118" endtime="20210719 17:18:47.121"/>
</iter>
<status status="PASS" starttime="20210719 17:18:47.102" endtime="20210719 17:18:47.121"/>
</for>
<status status="PASS" starttime="20210719 17:18:47.101" endtime="20210719 17:18:47.121"/>
</kw>
<status status="PASS" starttime="20210719 17:18:47.101" endtime="20210719 17:18:47.122"/>
</test>
<status status="PASS" starttime="20210719 17:18:47.016" endtime="20210719 17:18:47.123"/>
</suite>
<statistics>
<total>
<stat pass="3" fail="0" skip="0">All Tests</stat>
</total>
<tag>
</tag>
<suite>
<stat pass="3" fail="0" skip="0" id="s1" name="Estrutura Condicional">Estrutura Condicional</stat>
</suite>
</statistics>
<errors>
</errors>
</robot>
