<?xml version="1.0" encoding="UTF-8"?>
<robot generator="Robot 4.0.3 (Python 3.9.6 on win32)" generated="20210716 20:34:14.475" rpa="false" schemaversion="2">
<suite id="s1" name="Estrutura Condicional" source="C:\Users\wpsilva\sistreinamento\treinamentoSisGit\estrutura_condicional.robot">
<test id="s1-t1" name="Validar Idade">
<kw name="Verifica Maior Idade">
<arg>19</arg>
<if>
<branch type="IF" condition="'${idade}' &gt;= &quot;18&quot;">
<kw name="Log To Console" library="BuiltIn">
<arg>Maior de Idade</arg>
<doc>Logs the given message to the console.</doc>
<status status="PASS" starttime="20210716 20:34:14.511" endtime="20210716 20:34:14.512"/>
</kw>
<status status="PASS" starttime="20210716 20:34:14.511" endtime="20210716 20:34:14.512"/>
</branch>
<status status="PASS" starttime="20210716 20:34:14.511" endtime="20210716 20:34:14.512"/>
</if>
<status status="PASS" starttime="20210716 20:34:14.511" endtime="20210716 20:34:14.512"/>
</kw>
<kw name="Verifica Idade">
<arg>19</arg>
<if>
<branch type="IF" condition="'${idade}' &gt;= &quot;18&quot;">
<kw name="Log To Console" library="BuiltIn">
<arg>...</arg>
<doc>Logs the given message to the console.</doc>
<status status="PASS" starttime="20210716 20:34:14.513" endtime="20210716 20:34:14.514"/>
</kw>
<kw name="Log To Console" library="BuiltIn">
<arg>Maior de Idade</arg>
<doc>Logs the given message to the console.</doc>
<status status="PASS" starttime="20210716 20:34:14.514" endtime="20210716 20:34:14.516"/>
</kw>
<status status="PASS" starttime="20210716 20:34:14.513" endtime="20210716 20:34:14.516"/>
</branch>
<branch type="ELSE">
<kw name="Log To Console" library="BuiltIn">
<arg>Menor de Idade</arg>
<doc>Logs the given message to the console.</doc>
<status status="NOT RUN" starttime="20210716 20:34:14.516" endtime="20210716 20:34:14.516"/>
</kw>
<status status="NOT RUN" starttime="20210716 20:34:14.516" endtime="20210716 20:34:14.516"/>
</branch>
<status status="PASS" starttime="20210716 20:34:14.513" endtime="20210716 20:34:14.516"/>
</if>
<status status="PASS" starttime="20210716 20:34:14.513" endtime="20210716 20:34:14.516"/>
</kw>
<status status="PASS" starttime="20210716 20:34:14.510" endtime="20210716 20:34:14.517"/>
</test>
<test id="s1-t2" name="Validando Existencia">
<kw name="Imprimir numero">
<arg>@{Numeros}</arg>
<for flavor="IN">
<var>${num}</var>
<value>@{numeros}</value>
<iter>
<var name="${num}">10</var>
<if>
<branch type="IF" condition="'${num}' == &quot;5&quot;">
<kw name="Log To Console" library="BuiltIn">
<arg>${num} Sucesso</arg>
<doc>Logs the given message to the console.</doc>
<status status="NOT RUN" starttime="20210716 20:34:14.521" endtime="20210716 20:34:14.521"/>
</kw>
<status status="NOT RUN" starttime="20210716 20:34:14.521" endtime="20210716 20:34:14.521"/>
</branch>
<status status="PASS" starttime="20210716 20:34:14.521" endtime="20210716 20:34:14.521"/>
</if>
<status status="PASS" starttime="20210716 20:34:14.521" endtime="20210716 20:34:14.521"/>
</iter>
<iter>
<var name="${num}">15</var>
<if>
<branch type="IF" condition="'${num}' == &quot;5&quot;">
<kw name="Log To Console" library="BuiltIn">
<arg>${num} Sucesso</arg>
<doc>Logs the given message to the console.</doc>
<status status="NOT RUN" starttime="20210716 20:34:14.522" endtime="20210716 20:34:14.522"/>
</kw>
<status status="NOT RUN" starttime="20210716 20:34:14.521" endtime="20210716 20:34:14.522"/>
</branch>
<status status="PASS" starttime="20210716 20:34:14.521" endtime="20210716 20:34:14.522"/>
</if>
<status status="PASS" starttime="20210716 20:34:14.521" endtime="20210716 20:34:14.522"/>
</iter>
<iter>
<var name="${num}">5</var>
<if>
<branch type="IF" condition="'${num}' == &quot;5&quot;">
<kw name="Log To Console" library="BuiltIn">
<arg>${num} Sucesso</arg>
<doc>Logs the given message to the console.</doc>
<status status="PASS" starttime="20210716 20:34:14.522" endtime="20210716 20:34:14.523"/>
</kw>
<status status="PASS" starttime="20210716 20:34:14.522" endtime="20210716 20:34:14.523"/>
</branch>
<status status="PASS" starttime="20210716 20:34:14.522" endtime="20210716 20:34:14.523"/>
</if>
<status status="PASS" starttime="20210716 20:34:14.522" endtime="20210716 20:34:14.523"/>
</iter>
<iter>
<var name="${num}">20</var>
<if>
<branch type="IF" condition="'${num}' == &quot;5&quot;">
<kw name="Log To Console" library="BuiltIn">
<arg>${num} Sucesso</arg>
<doc>Logs the given message to the console.</doc>
<status status="NOT RUN" starttime="20210716 20:34:14.524" endtime="20210716 20:34:14.524"/>
</kw>
<status status="NOT RUN" starttime="20210716 20:34:14.524" endtime="20210716 20:34:14.524"/>
</branch>
<status status="PASS" starttime="20210716 20:34:14.523" endtime="20210716 20:34:14.524"/>
</if>
<status status="PASS" starttime="20210716 20:34:14.523" endtime="20210716 20:34:14.524"/>
</iter>
<iter>
<var name="${num}">25</var>
<if>
<branch type="IF" condition="'${num}' == &quot;5&quot;">
<kw name="Log To Console" library="BuiltIn">
<arg>${num} Sucesso</arg>
<doc>Logs the given message to the console.</doc>
<status status="NOT RUN" starttime="20210716 20:34:14.524" endtime="20210716 20:34:14.524"/>
</kw>
<status status="NOT RUN" starttime="20210716 20:34:14.524" endtime="20210716 20:34:14.524"/>
</branch>
<status status="PASS" starttime="20210716 20:34:14.524" endtime="20210716 20:34:14.524"/>
</if>
<status status="PASS" starttime="20210716 20:34:14.524" endtime="20210716 20:34:14.524"/>
</iter>
<iter>
<var name="${num}">30</var>
<if>
<branch type="IF" condition="'${num}' == &quot;5&quot;">
<kw name="Log To Console" library="BuiltIn">
<arg>${num} Sucesso</arg>
<doc>Logs the given message to the console.</doc>
<status status="NOT RUN" starttime="20210716 20:34:14.525" endtime="20210716 20:34:14.525"/>
</kw>
<status status="NOT RUN" starttime="20210716 20:34:14.524" endtime="20210716 20:34:14.525"/>
</branch>
<status status="PASS" starttime="20210716 20:34:14.524" endtime="20210716 20:34:14.525"/>
</if>
<status status="PASS" starttime="20210716 20:34:14.524" endtime="20210716 20:34:14.525"/>
</iter>
<iter>
<var name="${num}">5</var>
<if>
<branch type="IF" condition="'${num}' == &quot;5&quot;">
<kw name="Log To Console" library="BuiltIn">
<arg>${num} Sucesso</arg>
<doc>Logs the given message to the console.</doc>
<status status="PASS" starttime="20210716 20:34:14.525" endtime="20210716 20:34:14.526"/>
</kw>
<status status="PASS" starttime="20210716 20:34:14.525" endtime="20210716 20:34:14.526"/>
</branch>
<status status="PASS" starttime="20210716 20:34:14.525" endtime="20210716 20:34:14.526"/>
</if>
<status status="PASS" starttime="20210716 20:34:14.525" endtime="20210716 20:34:14.526"/>
</iter>
<status status="PASS" starttime="20210716 20:34:14.521" endtime="20210716 20:34:14.526"/>
</for>
<status status="PASS" starttime="20210716 20:34:14.520" endtime="20210716 20:34:14.526"/>
</kw>
<kw name="Imprimir par ou impar">
<arg>@{Numeros}</arg>
<for flavor="IN">
<var>${num}</var>
<value>@{numeros}</value>
<iter>
<var name="${num}">10</var>
<kw name="Evaluate" library="BuiltIn">
<var>${Resultado}</var>
<arg>${num}%2</arg>
<doc>Evaluates the given expression in Python and returns the result.</doc>
<msg timestamp="20210716 20:34:14.527" level="INFO">${Resultado} = 0</msg>
<status status="PASS" starttime="20210716 20:34:14.527" endtime="20210716 20:34:14.527"/>
</kw>
<if>
<branch type="IF" condition="'${Resultado}' == &quot;0&quot;">
<kw name="Log To Console" library="BuiltIn">
<arg>${num} é Par</arg>
<doc>Logs the given message to the console.</doc>
<status status="PASS" starttime="20210716 20:34:14.528" endtime="20210716 20:34:14.528"/>
</kw>
<status status="PASS" starttime="20210716 20:34:14.528" endtime="20210716 20:34:14.528"/>
</branch>
<branch type="ELSE">
<kw name="Log To Console" library="BuiltIn">
<arg>${num} é Impar</arg>
<doc>Logs the given message to the console.</doc>
<status status="NOT RUN" starttime="20210716 20:34:14.528" endtime="20210716 20:34:14.528"/>
</kw>
<status status="NOT RUN" starttime="20210716 20:34:14.528" endtime="20210716 20:34:14.528"/>
</branch>
<status status="PASS" starttime="20210716 20:34:14.527" endtime="20210716 20:34:14.528"/>
</if>
<status status="PASS" starttime="20210716 20:34:14.527" endtime="20210716 20:34:14.529"/>
</iter>
<iter>
<var name="${num}">15</var>
<kw name="Evaluate" library="BuiltIn">
<var>${Resultado}</var>
<arg>${num}%2</arg>
<doc>Evaluates the given expression in Python and returns the result.</doc>
<msg timestamp="20210716 20:34:14.529" level="INFO">${Resultado} = 1</msg>
<status status="PASS" starttime="20210716 20:34:14.529" endtime="20210716 20:34:14.529"/>
</kw>
<if>
<branch type="IF" condition="'${Resultado}' == &quot;0&quot;">
<kw name="Log To Console" library="BuiltIn">
<arg>${num} é Par</arg>
<doc>Logs the given message to the console.</doc>
<status status="NOT RUN" starttime="20210716 20:34:14.529" endtime="20210716 20:34:14.529"/>
</kw>
<status status="NOT RUN" starttime="20210716 20:34:14.529" endtime="20210716 20:34:14.529"/>
</branch>
<branch type="ELSE">
<kw name="Log To Console" library="BuiltIn">
<arg>${num} é Impar</arg>
<doc>Logs the given message to the console.</doc>
<status status="PASS" starttime="20210716 20:34:14.529" endtime="20210716 20:34:14.530"/>
</kw>
<status status="PASS" starttime="20210716 20:34:14.529" endtime="20210716 20:34:14.530"/>
</branch>
<status status="PASS" starttime="20210716 20:34:14.529" endtime="20210716 20:34:14.530"/>
</if>
<status status="PASS" starttime="20210716 20:34:14.529" endtime="20210716 20:34:14.530"/>
</iter>
<iter>
<var name="${num}">5</var>
<kw name="Evaluate" library="BuiltIn">
<var>${Resultado}</var>
<arg>${num}%2</arg>
<doc>Evaluates the given expression in Python and returns the result.</doc>
<msg timestamp="20210716 20:34:14.530" level="INFO">${Resultado} = 1</msg>
<status status="PASS" starttime="20210716 20:34:14.530" endtime="20210716 20:34:14.531"/>
</kw>
<if>
<branch type="IF" condition="'${Resultado}' == &quot;0&quot;">
<kw name="Log To Console" library="BuiltIn">
<arg>${num} é Par</arg>
<doc>Logs the given message to the console.</doc>
<status status="NOT RUN" starttime="20210716 20:34:14.531" endtime="20210716 20:34:14.531"/>
</kw>
<status status="NOT RUN" starttime="20210716 20:34:14.531" endtime="20210716 20:34:14.531"/>
</branch>
<branch type="ELSE">
<kw name="Log To Console" library="BuiltIn">
<arg>${num} é Impar</arg>
<doc>Logs the given message to the console.</doc>
<status status="PASS" starttime="20210716 20:34:14.531" endtime="20210716 20:34:14.532"/>
</kw>
<status status="PASS" starttime="20210716 20:34:14.531" endtime="20210716 20:34:14.532"/>
</branch>
<status status="PASS" starttime="20210716 20:34:14.531" endtime="20210716 20:34:14.532"/>
</if>
<status status="PASS" starttime="20210716 20:34:14.530" endtime="20210716 20:34:14.532"/>
</iter>
<iter>
<var name="${num}">20</var>
<kw name="Evaluate" library="BuiltIn">
<var>${Resultado}</var>
<arg>${num}%2</arg>
<doc>Evaluates the given expression in Python and returns the result.</doc>
<msg timestamp="20210716 20:34:14.533" level="INFO">${Resultado} = 0</msg>
<status status="PASS" starttime="20210716 20:34:14.532" endtime="20210716 20:34:14.533"/>
</kw>
<if>
<branch type="IF" condition="'${Resultado}' == &quot;0&quot;">
<kw name="Log To Console" library="BuiltIn">
<arg>${num} é Par</arg>
<doc>Logs the given message to the console.</doc>
<status status="PASS" starttime="20210716 20:34:14.535" endtime="20210716 20:34:14.536"/>
</kw>
<status status="PASS" starttime="20210716 20:34:14.535" endtime="20210716 20:34:14.537"/>
</branch>
<branch type="ELSE">
<kw name="Log To Console" library="BuiltIn">
<arg>${num} é Impar</arg>
<doc>Logs the given message to the console.</doc>
<status status="NOT RUN" starttime="20210716 20:34:14.537" endtime="20210716 20:34:14.537"/>
</kw>
<status status="NOT RUN" starttime="20210716 20:34:14.537" endtime="20210716 20:34:14.537"/>
</branch>
<status status="PASS" starttime="20210716 20:34:14.534" endtime="20210716 20:34:14.537"/>
</if>
<status status="PASS" starttime="20210716 20:34:14.532" endtime="20210716 20:34:14.537"/>
</iter>
<iter>
<var name="${num}">25</var>
<kw name="Evaluate" library="BuiltIn">
<var>${Resultado}</var>
<arg>${num}%2</arg>
<doc>Evaluates the given expression in Python and returns the result.</doc>
<msg timestamp="20210716 20:34:14.538" level="INFO">${Resultado} = 1</msg>
<status status="PASS" starttime="20210716 20:34:14.538" endtime="20210716 20:34:14.538"/>
</kw>
<if>
<branch type="IF" condition="'${Resultado}' == &quot;0&quot;">
<kw name="Log To Console" library="BuiltIn">
<arg>${num} é Par</arg>
<doc>Logs the given message to the console.</doc>
<status status="NOT RUN" starttime="20210716 20:34:14.538" endtime="20210716 20:34:14.538"/>
</kw>
<status status="NOT RUN" starttime="20210716 20:34:14.538" endtime="20210716 20:34:14.539"/>
</branch>
<branch type="ELSE">
<kw name="Log To Console" library="BuiltIn">
<arg>${num} é Impar</arg>
<doc>Logs the given message to the console.</doc>
<status status="PASS" starttime="20210716 20:34:14.539" endtime="20210716 20:34:14.540"/>
</kw>
<status status="PASS" starttime="20210716 20:34:14.539" endtime="20210716 20:34:14.540"/>
</branch>
<status status="PASS" starttime="20210716 20:34:14.538" endtime="20210716 20:34:14.540"/>
</if>
<status status="PASS" starttime="20210716 20:34:14.537" endtime="20210716 20:34:14.540"/>
</iter>
<iter>
<var name="${num}">30</var>
<kw name="Evaluate" library="BuiltIn">
<var>${Resultado}</var>
<arg>${num}%2</arg>
<doc>Evaluates the given expression in Python and returns the result.</doc>
<msg timestamp="20210716 20:34:14.540" level="INFO">${Resultado} = 0</msg>
<status status="PASS" starttime="20210716 20:34:14.540" endtime="20210716 20:34:14.540"/>
</kw>
<if>
<branch type="IF" condition="'${Resultado}' == &quot;0&quot;">
<kw name="Log To Console" library="BuiltIn">
<arg>${num} é Par</arg>
<doc>Logs the given message to the console.</doc>
<status status="PASS" starttime="20210716 20:34:14.540" endtime="20210716 20:34:14.541"/>
</kw>
<status status="PASS" starttime="20210716 20:34:14.540" endtime="20210716 20:34:14.541"/>
</branch>
<branch type="ELSE">
<kw name="Log To Console" library="BuiltIn">
<arg>${num} é Impar</arg>
<doc>Logs the given message to the console.</doc>
<status status="NOT RUN" starttime="20210716 20:34:14.541" endtime="20210716 20:34:14.541"/>
</kw>
<status status="NOT RUN" starttime="20210716 20:34:14.541" endtime="20210716 20:34:14.541"/>
</branch>
<status status="PASS" starttime="20210716 20:34:14.540" endtime="20210716 20:34:14.541"/>
</if>
<status status="PASS" starttime="20210716 20:34:14.540" endtime="20210716 20:34:14.541"/>
</iter>
<iter>
<var name="${num}">5</var>
<kw name="Evaluate" library="BuiltIn">
<var>${Resultado}</var>
<arg>${num}%2</arg>
<doc>Evaluates the given expression in Python and returns the result.</doc>
<msg timestamp="20210716 20:34:14.542" level="INFO">${Resultado} = 1</msg>
<status status="PASS" starttime="20210716 20:34:14.542" endtime="20210716 20:34:14.542"/>
</kw>
<if>
<branch type="IF" condition="'${Resultado}' == &quot;0&quot;">
<kw name="Log To Console" library="BuiltIn">
<arg>${num} é Par</arg>
<doc>Logs the given message to the console.</doc>
<status status="NOT RUN" starttime="20210716 20:34:14.542" endtime="20210716 20:34:14.542"/>
</kw>
<status status="NOT RUN" starttime="20210716 20:34:14.542" endtime="20210716 20:34:14.542"/>
</branch>
<branch type="ELSE">
<kw name="Log To Console" library="BuiltIn">
<arg>${num} é Impar</arg>
<doc>Logs the given message to the console.</doc>
<status status="PASS" starttime="20210716 20:34:14.542" endtime="20210716 20:34:14.543"/>
</kw>
<status status="PASS" starttime="20210716 20:34:14.542" endtime="20210716 20:34:14.543"/>
</branch>
<status status="PASS" starttime="20210716 20:34:14.542" endtime="20210716 20:34:14.543"/>
</if>
<status status="PASS" starttime="20210716 20:34:14.541" endtime="20210716 20:34:14.543"/>
</iter>
<status status="PASS" starttime="20210716 20:34:14.527" endtime="20210716 20:34:14.543"/>
</for>
<status status="PASS" starttime="20210716 20:34:14.527" endtime="20210716 20:34:14.543"/>
</kw>
<status status="PASS" starttime="20210716 20:34:14.519" endtime="20210716 20:34:14.543"/>
</test>
<test id="s1-t3" name="Imprimir">
<kw name="Verificar numeros">
<for flavor="IN RANGE">
<var>${Numero_Atual}</var>
<value>0</value>
<value>11</value>
<iter>
<var name="${Numero_Atual}">0</var>
<if>
<branch type="IF" condition="'${Numero_Atual}' == &quot;5&quot;">
<kw name="Log To Console" library="BuiltIn">
<arg>...</arg>
<doc>Logs the given message to the console.</doc>
<status status="NOT RUN" starttime="20210716 20:34:14.545" endtime="20210716 20:34:14.545"/>
</kw>
<kw name="Log To Console" library="BuiltIn">
<arg>Estou no numero ${Numero_Atual}</arg>
<doc>Logs the given message to the console.</doc>
<status status="NOT RUN" starttime="20210716 20:34:14.545" endtime="20210716 20:34:14.546"/>
</kw>
<status status="NOT RUN" starttime="20210716 20:34:14.545" endtime="20210716 20:34:14.546"/>
</branch>
<branch type="ELSE IF" condition="'${Numero_Atual}' == &quot;8&quot;">
<kw name="Log To Console" library="BuiltIn">
<arg>...</arg>
<doc>Logs the given message to the console.</doc>
<status status="NOT RUN" starttime="20210716 20:34:14.546" endtime="20210716 20:34:14.546"/>
</kw>
<kw name="Log To Console" library="BuiltIn">
<arg>Estou no numero ${Numero_Atual}</arg>
<doc>Logs the given message to the console.</doc>
<status status="NOT RUN" starttime="20210716 20:34:14.546" endtime="20210716 20:34:14.546"/>
</kw>
<status status="NOT RUN" starttime="20210716 20:34:14.546" endtime="20210716 20:34:14.546"/>
</branch>
<branch type="ELSE">
<kw name="Log To Console" library="BuiltIn">
<arg>Os numeros 5 e 8 nao foram encontrados</arg>
<doc>Logs the given message to the console.</doc>
<status status="PASS" starttime="20210716 20:34:14.546" endtime="20210716 20:34:14.546"/>
</kw>
<status status="PASS" starttime="20210716 20:34:14.546" endtime="20210716 20:34:14.547"/>
</branch>
<status status="PASS" starttime="20210716 20:34:14.545" endtime="20210716 20:34:14.547"/>
</if>
<status status="PASS" starttime="20210716 20:34:14.545" endtime="20210716 20:34:14.547"/>
</iter>
<iter>
<var name="${Numero_Atual}">1</var>
<if>
<branch type="IF" condition="'${Numero_Atual}' == &quot;5&quot;">
<kw name="Log To Console" library="BuiltIn">
<arg>...</arg>
<doc>Logs the given message to the console.</doc>
<status status="NOT RUN" starttime="20210716 20:34:14.547" endtime="20210716 20:34:14.547"/>
</kw>
<kw name="Log To Console" library="BuiltIn">
<arg>Estou no numero ${Numero_Atual}</arg>
<doc>Logs the given message to the console.</doc>
<status status="NOT RUN" starttime="20210716 20:34:14.547" endtime="20210716 20:34:14.547"/>
</kw>
<status status="NOT RUN" starttime="20210716 20:34:14.547" endtime="20210716 20:34:14.547"/>
</branch>
<branch type="ELSE IF" condition="'${Numero_Atual}' == &quot;8&quot;">
<kw name="Log To Console" library="BuiltIn">
<arg>...</arg>
<doc>Logs the given message to the console.</doc>
<status status="NOT RUN" starttime="20210716 20:34:14.547" endtime="20210716 20:34:14.547"/>
</kw>
<kw name="Log To Console" library="BuiltIn">
<arg>Estou no numero ${Numero_Atual}</arg>
<doc>Logs the given message to the console.</doc>
<status status="NOT RUN" starttime="20210716 20:34:14.548" endtime="20210716 20:34:14.548"/>
</kw>
<status status="NOT RUN" starttime="20210716 20:34:14.547" endtime="20210716 20:34:14.548"/>
</branch>
<branch type="ELSE">
<kw name="Log To Console" library="BuiltIn">
<arg>Os numeros 5 e 8 nao foram encontrados</arg>
<doc>Logs the given message to the console.</doc>
<status status="PASS" starttime="20210716 20:34:14.548" endtime="20210716 20:34:14.549"/>
</kw>
<status status="PASS" starttime="20210716 20:34:14.548" endtime="20210716 20:34:14.549"/>
</branch>
<status status="PASS" starttime="20210716 20:34:14.547" endtime="20210716 20:34:14.549"/>
</if>
<status status="PASS" starttime="20210716 20:34:14.547" endtime="20210716 20:34:14.549"/>
</iter>
<iter>
<var name="${Numero_Atual}">2</var>
<if>
<branch type="IF" condition="'${Numero_Atual}' == &quot;5&quot;">
<kw name="Log To Console" library="BuiltIn">
<arg>...</arg>
<doc>Logs the given message to the console.</doc>
<status status="NOT RUN" starttime="20210716 20:34:14.550" endtime="20210716 20:34:14.550"/>
</kw>
<kw name="Log To Console" library="BuiltIn">
<arg>Estou no numero ${Numero_Atual}</arg>
<doc>Logs the given message to the console.</doc>
<status status="NOT RUN" starttime="20210716 20:34:14.550" endtime="20210716 20:34:14.550"/>
</kw>
<status status="NOT RUN" starttime="20210716 20:34:14.550" endtime="20210716 20:34:14.551"/>
</branch>
<branch type="ELSE IF" condition="'${Numero_Atual}' == &quot;8&quot;">
<kw name="Log To Console" library="BuiltIn">
<arg>...</arg>
<doc>Logs the given message to the console.</doc>
<status status="NOT RUN" starttime="20210716 20:34:14.551" endtime="20210716 20:34:14.551"/>
</kw>
<kw name="Log To Console" library="BuiltIn">
<arg>Estou no numero ${Numero_Atual}</arg>
<doc>Logs the given message to the console.</doc>
<status status="NOT RUN" starttime="20210716 20:34:14.551" endtime="20210716 20:34:14.551"/>
</kw>
<status status="NOT RUN" starttime="20210716 20:34:14.551" endtime="20210716 20:34:14.551"/>
</branch>
<branch type="ELSE">
<kw name="Log To Console" library="BuiltIn">
<arg>Os numeros 5 e 8 nao foram encontrados</arg>
<doc>Logs the given message to the console.</doc>
<status status="PASS" starttime="20210716 20:34:14.551" endtime="20210716 20:34:14.552"/>
</kw>
<status status="PASS" starttime="20210716 20:34:14.551" endtime="20210716 20:34:14.552"/>
</branch>
<status status="PASS" starttime="20210716 20:34:14.550" endtime="20210716 20:34:14.552"/>
</if>
<status status="PASS" starttime="20210716 20:34:14.550" endtime="20210716 20:34:14.552"/>
</iter>
<iter>
<var name="${Numero_Atual}">3</var>
<if>
<branch type="IF" condition="'${Numero_Atual}' == &quot;5&quot;">
<kw name="Log To Console" library="BuiltIn">
<arg>...</arg>
<doc>Logs the given message to the console.</doc>
<status status="NOT RUN" starttime="20210716 20:34:14.553" endtime="20210716 20:34:14.553"/>
</kw>
<kw name="Log To Console" library="BuiltIn">
<arg>Estou no numero ${Numero_Atual}</arg>
<doc>Logs the given message to the console.</doc>
<status status="NOT RUN" starttime="20210716 20:34:14.553" endtime="20210716 20:34:14.553"/>
</kw>
<status status="NOT RUN" starttime="20210716 20:34:14.552" endtime="20210716 20:34:14.553"/>
</branch>
<branch type="ELSE IF" condition="'${Numero_Atual}' == &quot;8&quot;">
<kw name="Log To Console" library="BuiltIn">
<arg>...</arg>
<doc>Logs the given message to the console.</doc>
<status status="NOT RUN" starttime="20210716 20:34:14.553" endtime="20210716 20:34:14.553"/>
</kw>
<kw name="Log To Console" library="BuiltIn">
<arg>Estou no numero ${Numero_Atual}</arg>
<doc>Logs the given message to the console.</doc>
<status status="NOT RUN" starttime="20210716 20:34:14.553" endtime="20210716 20:34:14.553"/>
</kw>
<status status="NOT RUN" starttime="20210716 20:34:14.553" endtime="20210716 20:34:14.553"/>
</branch>
<branch type="ELSE">
<kw name="Log To Console" library="BuiltIn">
<arg>Os numeros 5 e 8 nao foram encontrados</arg>
<doc>Logs the given message to the console.</doc>
<status status="PASS" starttime="20210716 20:34:14.553" endtime="20210716 20:34:14.554"/>
</kw>
<status status="PASS" starttime="20210716 20:34:14.553" endtime="20210716 20:34:14.554"/>
</branch>
<status status="PASS" starttime="20210716 20:34:14.552" endtime="20210716 20:34:14.554"/>
</if>
<status status="PASS" starttime="20210716 20:34:14.552" endtime="20210716 20:34:14.554"/>
</iter>
<iter>
<var name="${Numero_Atual}">4</var>
<if>
<branch type="IF" condition="'${Numero_Atual}' == &quot;5&quot;">
<kw name="Log To Console" library="BuiltIn">
<arg>...</arg>
<doc>Logs the given message to the console.</doc>
<status status="NOT RUN" starttime="20210716 20:34:14.554" endtime="20210716 20:34:14.554"/>
</kw>
<kw name="Log To Console" library="BuiltIn">
<arg>Estou no numero ${Numero_Atual}</arg>
<doc>Logs the given message to the console.</doc>
<status status="NOT RUN" starttime="20210716 20:34:14.554" endtime="20210716 20:34:14.554"/>
</kw>
<status status="NOT RUN" starttime="20210716 20:34:14.554" endtime="20210716 20:34:14.554"/>
</branch>
<branch type="ELSE IF" condition="'${Numero_Atual}' == &quot;8&quot;">
<kw name="Log To Console" library="BuiltIn">
<arg>...</arg>
<doc>Logs the given message to the console.</doc>
<status status="NOT RUN" starttime="20210716 20:34:14.554" endtime="20210716 20:34:14.554"/>
</kw>
<kw name="Log To Console" library="BuiltIn">
<arg>Estou no numero ${Numero_Atual}</arg>
<doc>Logs the given message to the console.</doc>
<status status="NOT RUN" starttime="20210716 20:34:14.555" endtime="20210716 20:34:14.555"/>
</kw>
<status status="NOT RUN" starttime="20210716 20:34:14.554" endtime="20210716 20:34:14.555"/>
</branch>
<branch type="ELSE">
<kw name="Log To Console" library="BuiltIn">
<arg>Os numeros 5 e 8 nao foram encontrados</arg>
<doc>Logs the given message to the console.</doc>
<status status="PASS" starttime="20210716 20:34:14.555" endtime="20210716 20:34:14.556"/>
</kw>
<status status="PASS" starttime="20210716 20:34:14.555" endtime="20210716 20:34:14.556"/>
</branch>
<status status="PASS" starttime="20210716 20:34:14.554" endtime="20210716 20:34:14.557"/>
</if>
<status status="PASS" starttime="20210716 20:34:14.554" endtime="20210716 20:34:14.557"/>
</iter>
<iter>
<var name="${Numero_Atual}">5</var>
<if>
<branch type="IF" condition="'${Numero_Atual}' == &quot;5&quot;">
<kw name="Log To Console" library="BuiltIn">
<arg>...</arg>
<doc>Logs the given message to the console.</doc>
<status status="PASS" starttime="20210716 20:34:14.558" endtime="20210716 20:34:14.558"/>
</kw>
<kw name="Log To Console" library="BuiltIn">
<arg>Estou no numero ${Numero_Atual}</arg>
<doc>Logs the given message to the console.</doc>
<status status="PASS" starttime="20210716 20:34:14.559" endtime="20210716 20:34:14.559"/>
</kw>
<status status="PASS" starttime="20210716 20:34:14.558" endtime="20210716 20:34:14.559"/>
</branch>
<branch type="ELSE IF" condition="'${Numero_Atual}' == &quot;8&quot;">
<kw name="Log To Console" library="BuiltIn">
<arg>...</arg>
<doc>Logs the given message to the console.</doc>
<status status="NOT RUN" starttime="20210716 20:34:14.559" endtime="20210716 20:34:14.559"/>
</kw>
<kw name="Log To Console" library="BuiltIn">
<arg>Estou no numero ${Numero_Atual}</arg>
<doc>Logs the given message to the console.</doc>
<status status="NOT RUN" starttime="20210716 20:34:14.559" endtime="20210716 20:34:14.559"/>
</kw>
<status status="NOT RUN" starttime="20210716 20:34:14.559" endtime="20210716 20:34:14.560"/>
</branch>
<branch type="ELSE">
<kw name="Log To Console" library="BuiltIn">
<arg>Os numeros 5 e 8 nao foram encontrados</arg>
<doc>Logs the given message to the console.</doc>
<status status="NOT RUN" starttime="20210716 20:34:14.560" endtime="20210716 20:34:14.560"/>
</kw>
<status status="NOT RUN" starttime="20210716 20:34:14.560" endtime="20210716 20:34:14.560"/>
</branch>
<status status="PASS" starttime="20210716 20:34:14.557" endtime="20210716 20:34:14.560"/>
</if>
<status status="PASS" starttime="20210716 20:34:14.557" endtime="20210716 20:34:14.560"/>
</iter>
<iter>
<var name="${Numero_Atual}">6</var>
<if>
<branch type="IF" condition="'${Numero_Atual}' == &quot;5&quot;">
<kw name="Log To Console" library="BuiltIn">
<arg>...</arg>
<doc>Logs the given message to the console.</doc>
<status status="NOT RUN" starttime="20210716 20:34:14.560" endtime="20210716 20:34:14.560"/>
</kw>
<kw name="Log To Console" library="BuiltIn">
<arg>Estou no numero ${Numero_Atual}</arg>
<doc>Logs the given message to the console.</doc>
<status status="NOT RUN" starttime="20210716 20:34:14.560" endtime="20210716 20:34:14.560"/>
</kw>
<status status="NOT RUN" starttime="20210716 20:34:14.560" endtime="20210716 20:34:14.560"/>
</branch>
<branch type="ELSE IF" condition="'${Numero_Atual}' == &quot;8&quot;">
<kw name="Log To Console" library="BuiltIn">
<arg>...</arg>
<doc>Logs the given message to the console.</doc>
<status status="NOT RUN" starttime="20210716 20:34:14.560" endtime="20210716 20:34:14.560"/>
</kw>
<kw name="Log To Console" library="BuiltIn">
<arg>Estou no numero ${Numero_Atual}</arg>
<doc>Logs the given message to the console.</doc>
<status status="NOT RUN" starttime="20210716 20:34:14.560" endtime="20210716 20:34:14.560"/>
</kw>
<status status="NOT RUN" starttime="20210716 20:34:14.560" endtime="20210716 20:34:14.560"/>
</branch>
<branch type="ELSE">
<kw name="Log To Console" library="BuiltIn">
<arg>Os numeros 5 e 8 nao foram encontrados</arg>
<doc>Logs the given message to the console.</doc>
<status status="PASS" starttime="20210716 20:34:14.561" endtime="20210716 20:34:14.561"/>
</kw>
<status status="PASS" starttime="20210716 20:34:14.561" endtime="20210716 20:34:14.561"/>
</branch>
<status status="PASS" starttime="20210716 20:34:14.560" endtime="20210716 20:34:14.561"/>
</if>
<status status="PASS" starttime="20210716 20:34:14.560" endtime="20210716 20:34:14.561"/>
</iter>
<iter>
<var name="${Numero_Atual}">7</var>
<if>
<branch type="IF" condition="'${Numero_Atual}' == &quot;5&quot;">
<kw name="Log To Console" library="BuiltIn">
<arg>...</arg>
<doc>Logs the given message to the console.</doc>
<status status="NOT RUN" starttime="20210716 20:34:14.561" endtime="20210716 20:34:14.561"/>
</kw>
<kw name="Log To Console" library="BuiltIn">
<arg>Estou no numero ${Numero_Atual}</arg>
<doc>Logs the given message to the console.</doc>
<status status="NOT RUN" starttime="20210716 20:34:14.561" endtime="20210716 20:34:14.562"/>
</kw>
<status status="NOT RUN" starttime="20210716 20:34:14.561" endtime="20210716 20:34:14.562"/>
</branch>
<branch type="ELSE IF" condition="'${Numero_Atual}' == &quot;8&quot;">
<kw name="Log To Console" library="BuiltIn">
<arg>...</arg>
<doc>Logs the given message to the console.</doc>
<status status="NOT RUN" starttime="20210716 20:34:14.562" endtime="20210716 20:34:14.562"/>
</kw>
<kw name="Log To Console" library="BuiltIn">
<arg>Estou no numero ${Numero_Atual}</arg>
<doc>Logs the given message to the console.</doc>
<status status="NOT RUN" starttime="20210716 20:34:14.562" endtime="20210716 20:34:14.562"/>
</kw>
<status status="NOT RUN" starttime="20210716 20:34:14.562" endtime="20210716 20:34:14.562"/>
</branch>
<branch type="ELSE">
<kw name="Log To Console" library="BuiltIn">
<arg>Os numeros 5 e 8 nao foram encontrados</arg>
<doc>Logs the given message to the console.</doc>
<status status="PASS" starttime="20210716 20:34:14.562" endtime="20210716 20:34:14.563"/>
</kw>
<status status="PASS" starttime="20210716 20:34:14.562" endtime="20210716 20:34:14.563"/>
</branch>
<status status="PASS" starttime="20210716 20:34:14.561" endtime="20210716 20:34:14.563"/>
</if>
<status status="PASS" starttime="20210716 20:34:14.561" endtime="20210716 20:34:14.563"/>
</iter>
<iter>
<var name="${Numero_Atual}">8</var>
<if>
<branch type="IF" condition="'${Numero_Atual}' == &quot;5&quot;">
<kw name="Log To Console" library="BuiltIn">
<arg>...</arg>
<doc>Logs the given message to the console.</doc>
<status status="NOT RUN" starttime="20210716 20:34:14.563" endtime="20210716 20:34:14.563"/>
</kw>
<kw name="Log To Console" library="BuiltIn">
<arg>Estou no numero ${Numero_Atual}</arg>
<doc>Logs the given message to the console.</doc>
<status status="NOT RUN" starttime="20210716 20:34:14.563" endtime="20210716 20:34:14.563"/>
</kw>
<status status="NOT RUN" starttime="20210716 20:34:14.563" endtime="20210716 20:34:14.563"/>
</branch>
<branch type="ELSE IF" condition="'${Numero_Atual}' == &quot;8&quot;">
<kw name="Log To Console" library="BuiltIn">
<arg>...</arg>
<doc>Logs the given message to the console.</doc>
<status status="PASS" starttime="20210716 20:34:14.564" endtime="20210716 20:34:14.564"/>
</kw>
<kw name="Log To Console" library="BuiltIn">
<arg>Estou no numero ${Numero_Atual}</arg>
<doc>Logs the given message to the console.</doc>
<status status="PASS" starttime="20210716 20:34:14.564" endtime="20210716 20:34:14.568"/>
</kw>
<status status="PASS" starttime="20210716 20:34:14.564" endtime="20210716 20:34:14.568"/>
</branch>
<branch type="ELSE">
<kw name="Log To Console" library="BuiltIn">
<arg>Os numeros 5 e 8 nao foram encontrados</arg>
<doc>Logs the given message to the console.</doc>
<status status="NOT RUN" starttime="20210716 20:34:14.569" endtime="20210716 20:34:14.570"/>
</kw>
<status status="NOT RUN" starttime="20210716 20:34:14.569" endtime="20210716 20:34:14.570"/>
</branch>
<status status="PASS" starttime="20210716 20:34:14.563" endtime="20210716 20:34:14.570"/>
</if>
<status status="PASS" starttime="20210716 20:34:14.563" endtime="20210716 20:34:14.570"/>
</iter>
<iter>
<var name="${Numero_Atual}">9</var>
<if>
<branch type="IF" condition="'${Numero_Atual}' == &quot;5&quot;">
<kw name="Log To Console" library="BuiltIn">
<arg>...</arg>
<doc>Logs the given message to the console.</doc>
<status status="NOT RUN" starttime="20210716 20:34:14.570" endtime="20210716 20:34:14.571"/>
</kw>
<kw name="Log To Console" library="BuiltIn">
<arg>Estou no numero ${Numero_Atual}</arg>
<doc>Logs the given message to the console.</doc>
<status status="NOT RUN" starttime="20210716 20:34:14.571" endtime="20210716 20:34:14.571"/>
</kw>
<status status="NOT RUN" starttime="20210716 20:34:14.570" endtime="20210716 20:34:14.571"/>
</branch>
<branch type="ELSE IF" condition="'${Numero_Atual}' == &quot;8&quot;">
<kw name="Log To Console" library="BuiltIn">
<arg>...</arg>
<doc>Logs the given message to the console.</doc>
<status status="NOT RUN" starttime="20210716 20:34:14.571" endtime="20210716 20:34:14.571"/>
</kw>
<kw name="Log To Console" library="BuiltIn">
<arg>Estou no numero ${Numero_Atual}</arg>
<doc>Logs the given message to the console.</doc>
<status status="NOT RUN" starttime="20210716 20:34:14.571" endtime="20210716 20:34:14.571"/>
</kw>
<status status="NOT RUN" starttime="20210716 20:34:14.571" endtime="20210716 20:34:14.571"/>
</branch>
<branch type="ELSE">
<kw name="Log To Console" library="BuiltIn">
<arg>Os numeros 5 e 8 nao foram encontrados</arg>
<doc>Logs the given message to the console.</doc>
<status status="PASS" starttime="20210716 20:34:14.571" endtime="20210716 20:34:14.572"/>
</kw>
<status status="PASS" starttime="20210716 20:34:14.571" endtime="20210716 20:34:14.572"/>
</branch>
<status status="PASS" starttime="20210716 20:34:14.570" endtime="20210716 20:34:14.572"/>
</if>
<status status="PASS" starttime="20210716 20:34:14.570" endtime="20210716 20:34:14.572"/>
</iter>
<iter>
<var name="${Numero_Atual}">10</var>
<if>
<branch type="IF" condition="'${Numero_Atual}' == &quot;5&quot;">
<kw name="Log To Console" library="BuiltIn">
<arg>...</arg>
<doc>Logs the given message to the console.</doc>
<status status="NOT RUN" starttime="20210716 20:34:14.573" endtime="20210716 20:34:14.573"/>
</kw>
<kw name="Log To Console" library="BuiltIn">
<arg>Estou no numero ${Numero_Atual}</arg>
<doc>Logs the given message to the console.</doc>
<status status="NOT RUN" starttime="20210716 20:34:14.573" endtime="20210716 20:34:14.573"/>
</kw>
<status status="NOT RUN" starttime="20210716 20:34:14.573" endtime="20210716 20:34:14.573"/>
</branch>
<branch type="ELSE IF" condition="'${Numero_Atual}' == &quot;8&quot;">
<kw name="Log To Console" library="BuiltIn">
<arg>...</arg>
<doc>Logs the given message to the console.</doc>
<status status="NOT RUN" starttime="20210716 20:34:14.573" endtime="20210716 20:34:14.573"/>
</kw>
<kw name="Log To Console" library="BuiltIn">
<arg>Estou no numero ${Numero_Atual}</arg>
<doc>Logs the given message to the console.</doc>
<status status="NOT RUN" starttime="20210716 20:34:14.574" endtime="20210716 20:34:14.574"/>
</kw>
<status status="NOT RUN" starttime="20210716 20:34:14.573" endtime="20210716 20:34:14.574"/>
</branch>
<branch type="ELSE">
<kw name="Log To Console" library="BuiltIn">
<arg>Os numeros 5 e 8 nao foram encontrados</arg>
<doc>Logs the given message to the console.</doc>
<status status="PASS" starttime="20210716 20:34:14.574" endtime="20210716 20:34:14.574"/>
</kw>
<status status="PASS" starttime="20210716 20:34:14.574" endtime="20210716 20:34:14.574"/>
</branch>
<status status="PASS" starttime="20210716 20:34:14.573" endtime="20210716 20:34:14.574"/>
</if>
<status status="PASS" starttime="20210716 20:34:14.572" endtime="20210716 20:34:14.574"/>
</iter>
<status status="PASS" starttime="20210716 20:34:14.545" endtime="20210716 20:34:14.574"/>
</for>
<status status="PASS" starttime="20210716 20:34:14.544" endtime="20210716 20:34:14.575"/>
</kw>
<status status="PASS" starttime="20210716 20:34:14.544" endtime="20210716 20:34:14.575"/>
</test>
<status status="PASS" starttime="20210716 20:34:14.476" endtime="20210716 20:34:14.577"/>
</suite>
<statistics>
<total>
<stat pass="3" fail="0" skip="0">All Tests</stat>
</total>
<tag>
</tag>
<suite>
<stat pass="3" fail="0" skip="0" id="s1" name="Estrutura Condicional">Estrutura Condicional</stat>
</suite>
</statistics>
<errors>
</errors>
</robot>
